<?xml version="1.0" encoding="UTF-8"?>
<!-- Generated by org.testng.reporters.JUnitReportReporter -->
<testsuite name="com.toutiao.cases.DemoTest" tests="4" time="0.730" ignored="0" failures="0" timestamp="23 Mar 2020 12:34:58 GMT" skipped="0" hostname="LAPTOP-5VPLT75S" errors="0">
  <testcase name="postDemo" time="0.006" classname="com.toutiao.cases.DemoTest"/>
  <testcase name="getDemo" time="0.706" classname="com.toutiao.cases.DemoTest"/>
  <testcase name="getNoParams" time="0.004" classname="com.toutiao.cases.DemoTest"/>
  <testcase name="postWithJson" time="0.014" classname="com.toutiao.cases.DemoTest"/>
</testsuite> <!-- com.toutiao.cases.DemoTest -->
